<?xml version="1.0" encoding="UTF-8"?>
<!-- Generated by org.testng.reporters.JUnitReportReporter -->
<testsuite skipped="0" hostname="DESKTOP-3KJDLVJ" name="selenium.operators.com.RetrieveValue" tests="1" failures="0" timestamp="01 Jun 2018 07:22:26 GMT" time="8.021" errors="0">
  <testcase name="textBox" time="8.021" classname="selenium.operators.com.RetrieveValue"/>
</testsuite> <!-- selenium.operators.com.RetrieveValue -->
