<?xml version="1.0" encoding="UTF-8"?>
<!-- Generated by org.testng.reporters.JUnitReportReporter -->
<testsuite skipped="0" hostname="DESKTOP-3KJDLVJ" name="selenium.operators.com.Placeholder" tests="1" failures="0" timestamp="07 Jun 2018 05:06:16 GMT" time="9.660" errors="0">
  <testcase name="login" time="9.660" classname="selenium.operators.com.Placeholder"/>
</testsuite> <!-- selenium.operators.com.Placeholder -->
