<?xml version="1.0" encoding="UTF-8"?>
<!-- Generated by org.testng.reporters.JUnitReportReporter -->
<testsuite skipped="0" hostname="DESKTOP-3KJDLVJ" name="selenium.operators.com.Sendkeys" tests="1" failures="0" timestamp="01 Jun 2018 05:35:25 GMT" time="10.455" errors="0">
  <testcase name="loginAdmin" time="10.455" classname="selenium.operators.com.Sendkeys"/>
</testsuite> <!-- selenium.operators.com.Sendkeys -->
