<?xml version="1.0" encoding="UTF-8"?>
<!-- Generated by org.testng.reporters.JUnitReportReporter -->
<testsuite skipped="0" hostname="DESKTOP-3KJDLVJ" name="selenium.operators.com.Sendkeys$SendKeys" tests="1" failures="0" timestamp="01 Jun 2018 06:44:06 GMT" time="12.701" errors="0">
  <testcase name="loginFacebook" time="12.701" classname="selenium.operators.com.Sendkeys$SendKeys"/>
</testsuite> <!-- selenium.operators.com.Sendkeys$SendKeys -->
